2023-06-28 21:29:55,968 [INFO] com.eshoppingzone.userprofile.UserProfileApplication [restartedMain] Starting UserProfileApplication using Java 17.0.4.1 with PID 484 (C:\Users\madhusrs\Documents\CaseStudy\UserProfile\target\classes started by madhusrs in C:\Users\madhusrs\Documents\CaseStudy\UserProfile)
2023-06-28 21:29:55,978 [DEBUG] com.eshoppingzone.userprofile.UserProfileApplication [restartedMain] Running with Spring Boot v3.0.6, Spring v6.0.8
2023-06-28 21:29:55,980 [INFO] com.eshoppingzone.userprofile.UserProfileApplication [restartedMain] No active profile set, falling back to 1 default profile: "default"
2023-06-28 21:29:56,062 [INFO] org.springframework.boot.devtools.env.DevToolsPropertyDefaultsPostProcessor [restartedMain] Devtools property defaults active! Set 'spring.devtools.add-properties' to 'false' to disable
2023-06-28 21:29:56,063 [INFO] org.springframework.boot.devtools.env.DevToolsPropertyDefaultsPostProcessor [restartedMain] For additional web related logging consider setting the 'logging.level.web' property to 'DEBUG'
2023-06-28 21:29:57,180 [INFO] org.springframework.data.repository.config.RepositoryConfigurationDelegate [restartedMain] Bootstrapping Spring Data MongoDB repositories in DEFAULT mode.
2023-06-28 21:29:57,461 [INFO] org.springframework.data.repository.config.RepositoryConfigurationDelegate [restartedMain] Finished Spring Data repository scanning in 274 ms. Found 1 MongoDB repository interfaces.
2023-06-28 21:29:57,780 [INFO] org.springframework.cloud.context.scope.GenericScope [restartedMain] BeanFactory id=1806e4aa-6c04-384f-a18d-b7dfe715a992
2023-06-28 21:29:58,719 [INFO] org.springframework.boot.web.embedded.tomcat.TomcatWebServer [restartedMain] Tomcat initialized with port(s): 8686 (http)
2023-06-28 21:29:58,733 [INFO] org.apache.catalina.core.StandardService [restartedMain] Starting service [Tomcat]
2023-06-28 21:29:58,734 [INFO] org.apache.catalina.core.StandardEngine [restartedMain] Starting Servlet engine: [Apache Tomcat/10.1.8]
2023-06-28 21:29:58,845 [INFO] org.apache.catalina.core.ContainerBase.[Tomcat].[localhost].[/] [restartedMain] Initializing Spring embedded WebApplicationContext
2023-06-28 21:29:58,845 [INFO] org.springframework.boot.web.servlet.context.ServletWebServerApplicationContext [restartedMain] Root WebApplicationContext: initialization completed in 2781 ms
2023-06-28 21:29:59,141 [INFO] org.mongodb.driver.client [restartedMain] MongoClient with metadata {"driver": {"name": "mongo-java-driver|sync|spring-boot", "version": "4.8.2"}, "os": {"type": "Windows", "name": "Windows 11", "architecture": "amd64", "version": "10.0"}, "platform": "Java/Eclipse Adoptium/17.0.4.1+1"} created with settings MongoClientSettings{readPreference=primary, writeConcern=WriteConcern{w=null, wTimeout=null ms, journal=null}, retryWrites=true, retryReads=true, readConcern=ReadConcern{level=null}, credential=null, streamFactoryFactory=null, commandListeners=[], codecRegistry=ProvidersCodecRegistry{codecProviders=[ValueCodecProvider{}, BsonValueCodecProvider{}, DBRefCodecProvider{}, DBObjectCodecProvider{}, DocumentCodecProvider{}, CollectionCodecProvider{}, IterableCodecProvider{}, MapCodecProvider{}, GeoJsonCodecProvider{}, GridFSFileCodecProvider{}, Jsr310CodecProvider{}, JsonObjectCodecProvider{}, BsonCodecProvider{}, EnumCodecProvider{}, com.mongodb.Jep395RecordCodecProvider@4188b2ce]}, clusterSettings={hosts=[localhost:27017], srvServiceName=mongodb, mode=SINGLE, requiredClusterType=UNKNOWN, requiredReplicaSetName='null', serverSelector='null', clusterListeners='[]', serverSelectionTimeout='30000 ms', localThreshold='30000 ms'}, socketSettings=SocketSettings{connectTimeoutMS=10000, readTimeoutMS=0, receiveBufferSize=0, sendBufferSize=0}, heartbeatSocketSettings=SocketSettings{connectTimeoutMS=10000, readTimeoutMS=10000, receiveBufferSize=0, sendBufferSize=0}, connectionPoolSettings=ConnectionPoolSettings{maxSize=100, minSize=0, maxWaitTimeMS=120000, maxConnectionLifeTimeMS=0, maxConnectionIdleTimeMS=0, maintenanceInitialDelayMS=0, maintenanceFrequencyMS=60000, connectionPoolListeners=[], maxConnecting=2}, serverSettings=ServerSettings{heartbeatFrequencyMS=10000, minHeartbeatFrequencyMS=500, serverListeners='[]', serverMonitorListeners='[]'}, sslSettings=SslSettings{enabled=false, invalidHostNameAllowed=false, context=null}, applicationName='null', compressorList=[], uuidRepresentation=JAVA_LEGACY, serverApi=null, autoEncryptionSettings=null, contextProvider=null}
2023-06-28 21:29:59,160 [INFO] org.mongodb.driver.cluster [cluster-ClusterId{value='649c58ffe180db6bb57a1dbe', description='null'}-localhost:27017] Monitor thread successfully connected to server with description ServerDescription{address=localhost:27017, type=STANDALONE, state=CONNECTED, ok=true, minWireVersion=0, maxWireVersion=8, maxDocumentSize=16777216, logicalSessionTimeoutMinutes=30, roundTripTimeNanos=30231400}
2023-06-28 21:29:59,422 [WARN] org.springframework.boot.devtools.autoconfigure.OptionalLiveReloadServer [restartedMain] Unable to start LiveReload server
2023-06-28 21:30:00,299 [INFO] org.springframework.cloud.netflix.eureka.config.DiscoveryClientOptionalArgsConfiguration [restartedMain] Eureka HTTP Client uses RestTemplate.
2023-06-28 21:30:00,493 [WARN] org.springframework.cloud.loadbalancer.config.LoadBalancerCacheAutoConfiguration$LoadBalancerCaffeineWarnLogger [restartedMain] Spring Cloud LoadBalancer is currently working with the default cache. While this cache implementation is useful for development and tests, it's recommended to use Caffeine cache in production.You can switch to using Caffeine cache, by adding it and org.springframework.cache.caffeine.CaffeineCacheManager to the classpath.
2023-06-28 21:30:00,572 [INFO] org.springframework.cloud.netflix.eureka.InstanceInfoFactory [restartedMain] Setting initial instance status as: STARTING
2023-06-28 21:30:00,622 [INFO] com.netflix.discovery.DiscoveryClient [restartedMain] Initializing Eureka in region us-east-1
2023-06-28 21:30:00,628 [INFO] com.netflix.discovery.shared.resolver.aws.ConfigClusterResolver [restartedMain] Resolving eureka endpoints via configuration
2023-06-28 21:30:00,657 [INFO] com.netflix.discovery.DiscoveryClient [restartedMain] Disable delta property : false
2023-06-28 21:30:00,658 [INFO] com.netflix.discovery.DiscoveryClient [restartedMain] Single vip registry refresh property : null
2023-06-28 21:30:00,658 [INFO] com.netflix.discovery.DiscoveryClient [restartedMain] Force full registry fetch : false
2023-06-28 21:30:00,658 [INFO] com.netflix.discovery.DiscoveryClient [restartedMain] Application is null : false
2023-06-28 21:30:00,658 [INFO] com.netflix.discovery.DiscoveryClient [restartedMain] Registered Applications size is zero : true
2023-06-28 21:30:00,658 [INFO] com.netflix.discovery.DiscoveryClient [restartedMain] Application version is -1: true
2023-06-28 21:30:00,658 [INFO] com.netflix.discovery.DiscoveryClient [restartedMain] Getting all instance registry info from the eureka server
2023-06-28 21:30:01,238 [INFO] com.netflix.discovery.DiscoveryClient [restartedMain] The response status is 200
2023-06-28 21:30:01,241 [INFO] com.netflix.discovery.DiscoveryClient [restartedMain] Starting heartbeat executor: renew interval is: 30
2023-06-28 21:30:01,244 [INFO] com.netflix.discovery.InstanceInfoReplicator [restartedMain] InstanceInfoReplicator onDemand update allowed rate per min is 4
2023-06-28 21:30:01,250 [INFO] com.netflix.discovery.DiscoveryClient [restartedMain] Discovery Client initialized at timestamp 1687968001249 with initial instances count: 6
2023-06-28 21:30:01,253 [INFO] org.springframework.cloud.netflix.eureka.serviceregistry.EurekaServiceRegistry [restartedMain] Registering application USER-PROFILE-SERVICE with eureka with status UP
2023-06-28 21:30:01,253 [INFO] com.netflix.discovery.DiscoveryClient [restartedMain] Saw local status change event StatusChangeEvent [timestamp=1687968001253, current=UP, previous=STARTING]
2023-06-28 21:30:01,255 [INFO] com.netflix.discovery.DiscoveryClient [DiscoveryClient-InstanceInfoReplicator-0] DiscoveryClient_USER-PROFILE-SERVICE/LIN80022745.corp.capgemini.com:user-profile-service:8686: registering service...
2023-06-28 21:30:01,292 [INFO] org.springframework.boot.web.embedded.tomcat.TomcatWebServer [restartedMain] Tomcat started on port(s): 8686 (http) with context path ''
2023-06-28 21:30:01,293 [INFO] org.springframework.cloud.netflix.eureka.serviceregistry.EurekaAutoServiceRegistration [restartedMain] Updating port to 8686
2023-06-28 21:30:01,299 [INFO] com.netflix.discovery.DiscoveryClient [DiscoveryClient-InstanceInfoReplicator-0] DiscoveryClient_USER-PROFILE-SERVICE/LIN80022745.corp.capgemini.com:user-profile-service:8686 - registration status: 204
2023-06-28 21:30:01,464 [INFO] com.eshoppingzone.userprofile.UserProfileApplication [restartedMain] Started UserProfileApplication in 6.333 seconds (process running for 7.782)
2023-06-28 21:32:14,901 [INFO] org.apache.catalina.core.ContainerBase.[Tomcat].[localhost].[/] [http-nio-8686-exec-1] Initializing Spring DispatcherServlet 'dispatcherServlet'
2023-06-28 21:32:14,904 [INFO] org.springframework.web.servlet.DispatcherServlet [http-nio-8686-exec-1] Initializing Servlet 'dispatcherServlet'
2023-06-28 21:32:14,921 [INFO] org.springframework.web.servlet.DispatcherServlet [http-nio-8686-exec-1] Completed initialization in 17 ms
2023-06-28 21:35:00,669 [INFO] com.netflix.discovery.shared.resolver.aws.ConfigClusterResolver [AsyncResolver-bootstrap-executor-0] Resolving eureka endpoints via configuration
2023-06-28 21:37:35,150 [ERROR] org.apache.catalina.core.ContainerBase.[Tomcat].[localhost].[/].[dispatcherServlet] [http-nio-8686-exec-8] Servlet.service() for servlet [dispatcherServlet] in context with path [] threw exception [Request processing failed: org.springframework.dao.DuplicateKeyException: Write operation error on server localhost:27017. Write error: WriteError{code=11000, message='E11000 duplicate key error collection: ProfileMicroservice.userservice index: _id_ dup key: { _id: "projecttest11" }', details={}}.] with root cause
com.mongodb.MongoWriteException: Write operation error on server localhost:27017. Write error: WriteError{code=11000, message='E11000 duplicate key error collection: ProfileMicroservice.userservice index: _id_ dup key: { _id: "projecttest11" }', details={}}.
	at com.mongodb.client.internal.MongoCollectionImpl.executeSingleWriteRequest(MongoCollectionImpl.java:1033)
	at com.mongodb.client.internal.MongoCollectionImpl.executeInsertOne(MongoCollectionImpl.java:476)
	at com.mongodb.client.internal.MongoCollectionImpl.insertOne(MongoCollectionImpl.java:459)
	at com.mongodb.client.internal.MongoCollectionImpl.insertOne(MongoCollectionImpl.java:453)
	at org.springframework.data.mongodb.core.MongoTemplate.lambda$insertDocument$16(MongoTemplate.java:1437)
	at org.springframework.data.mongodb.core.MongoTemplate.execute(MongoTemplate.java:553)
	at org.springframework.data.mongodb.core.MongoTemplate.insertDocument(MongoTemplate.java:1431)
	at org.springframework.data.mongodb.core.MongoTemplate.doInsert(MongoTemplate.java:1227)
	at org.springframework.data.mongodb.core.MongoTemplate.insert(MongoTemplate.java:1153)
	at org.springframework.data.mongodb.repository.support.SimpleMongoRepository.insert(SimpleMongoRepository.java:226)
	at java.base/jdk.internal.reflect.NativeMethodAccessorImpl.invoke0(Native Method)
	at java.base/jdk.internal.reflect.NativeMethodAccessorImpl.invoke(NativeMethodAccessorImpl.java:77)
	at java.base/jdk.internal.reflect.DelegatingMethodAccessorImpl.invoke(DelegatingMethodAccessorImpl.java:43)
	at java.base/java.lang.reflect.Method.invoke(Method.java:568)
	at org.springframework.data.repository.core.support.RepositoryMethodInvoker$RepositoryFragmentMethodInvoker.lambda$new$0(RepositoryMethodInvoker.java:288)
	at org.springframework.data.repository.core.support.RepositoryMethodInvoker.doInvoke(RepositoryMethodInvoker.java:136)
	at org.springframework.data.repository.core.support.RepositoryMethodInvoker.invoke(RepositoryMethodInvoker.java:120)
	at org.springframework.data.repository.core.support.RepositoryComposition$RepositoryFragments.invoke(RepositoryComposition.java:516)
	at org.springframework.data.repository.core.support.RepositoryComposition.invoke(RepositoryComposition.java:285)
	at org.springframework.data.repository.core.support.RepositoryFactorySupport$ImplementationMethodExecutionInterceptor.invoke(RepositoryFactorySupport.java:628)
	at org.springframework.aop.framework.ReflectiveMethodInvocation.proceed(ReflectiveMethodInvocation.java:184)
	at org.springframework.data.repository.core.support.QueryExecutorMethodInterceptor.doInvoke(QueryExecutorMethodInterceptor.java:168)
	at org.springframework.data.repository.core.support.QueryExecutorMethodInterceptor.invoke(QueryExecutorMethodInterceptor.java:143)
	at org.springframework.aop.framework.ReflectiveMethodInvocation.proceed(ReflectiveMethodInvocation.java:184)
	at org.springframework.data.projection.DefaultMethodInvokingMethodInterceptor.invoke(DefaultMethodInvokingMethodInterceptor.java:77)
	at org.springframework.aop.framework.ReflectiveMethodInvocation.proceed(ReflectiveMethodInvocation.java:184)
	at org.springframework.aop.interceptor.ExposeInvocationInterceptor.invoke(ExposeInvocationInterceptor.java:97)
	at org.springframework.aop.framework.ReflectiveMethodInvocation.proceed(ReflectiveMethodInvocation.java:184)
	at org.springframework.aop.framework.JdkDynamicAopProxy.invoke(JdkDynamicAopProxy.java:223)
	at jdk.proxy3/jdk.proxy3.$Proxy82.insert(Unknown Source)
	at java.base/jdk.internal.reflect.NativeMethodAccessorImpl.invoke0(Native Method)
	at java.base/jdk.internal.reflect.NativeMethodAccessorImpl.invoke(NativeMethodAccessorImpl.java:77)
	at java.base/jdk.internal.reflect.DelegatingMethodAccessorImpl.invoke(DelegatingMethodAccessorImpl.java:43)
	at java.base/java.lang.reflect.Method.invoke(Method.java:568)
	at org.springframework.aop.support.AopUtils.invokeJoinpointUsingReflection(AopUtils.java:343)
	at org.springframework.aop.framework.ReflectiveMethodInvocation.invokeJoinpoint(ReflectiveMethodInvocation.java:196)
	at org.springframework.aop.framework.ReflectiveMethodInvocation.proceed(ReflectiveMethodInvocation.java:163)
	at org.springframework.dao.support.PersistenceExceptionTranslationInterceptor.invoke(PersistenceExceptionTranslationInterceptor.java:137)
	at org.springframework.aop.framework.ReflectiveMethodInvocation.proceed(ReflectiveMethodInvocation.java:184)
	at org.springframework.aop.framework.JdkDynamicAopProxy.invoke(JdkDynamicAopProxy.java:223)
	at jdk.proxy3/jdk.proxy3.$Proxy82.insert(Unknown Source)
	at com.eshoppingzone.userprofile.service.UserProfileServiceImpl.addNewProfile(UserProfileServiceImpl.java:29)
	at com.eshoppingzone.userprofile.controller.UserProfileController.addNewProfile(UserProfileController.java:36)
	at java.base/jdk.internal.reflect.NativeMethodAccessorImpl.invoke0(Native Method)
	at java.base/jdk.internal.reflect.NativeMethodAccessorImpl.invoke(NativeMethodAccessorImpl.java:77)
	at java.base/jdk.internal.reflect.DelegatingMethodAccessorImpl.invoke(DelegatingMethodAccessorImpl.java:43)
	at java.base/java.lang.reflect.Method.invoke(Method.java:568)
	at org.springframework.web.method.support.InvocableHandlerMethod.doInvoke(InvocableHandlerMethod.java:207)
	at org.springframework.web.method.support.InvocableHandlerMethod.invokeForRequest(InvocableHandlerMethod.java:152)
	at org.springframework.web.servlet.mvc.method.annotation.ServletInvocableHandlerMethod.invokeAndHandle(ServletInvocableHandlerMethod.java:118)
	at org.springframework.web.servlet.mvc.method.annotation.RequestMappingHandlerAdapter.invokeHandlerMethod(RequestMappingHandlerAdapter.java:884)
	at org.springframework.web.servlet.mvc.method.annotation.RequestMappingHandlerAdapter.handleInternal(RequestMappingHandlerAdapter.java:797)
	at org.springframework.web.servlet.mvc.method.AbstractHandlerMethodAdapter.handle(AbstractHandlerMethodAdapter.java:87)
	at org.springframework.web.servlet.DispatcherServlet.doDispatch(DispatcherServlet.java:1081)
	at org.springframework.web.servlet.DispatcherServlet.doService(DispatcherServlet.java:974)
	at org.springframework.web.servlet.FrameworkServlet.processRequest(FrameworkServlet.java:1011)
	at org.springframework.web.servlet.FrameworkServlet.doPost(FrameworkServlet.java:914)
	at jakarta.servlet.http.HttpServlet.service(HttpServlet.java:590)
	at org.springframework.web.servlet.FrameworkServlet.service(FrameworkServlet.java:885)
	at jakarta.servlet.http.HttpServlet.service(HttpServlet.java:658)
	at org.apache.catalina.core.ApplicationFilterChain.internalDoFilter(ApplicationFilterChain.java:205)
	at org.apache.catalina.core.ApplicationFilterChain.doFilter(ApplicationFilterChain.java:149)
	at org.apache.tomcat.websocket.server.WsFilter.doFilter(WsFilter.java:51)
	at org.apache.catalina.core.ApplicationFilterChain.internalDoFilter(ApplicationFilterChain.java:174)
	at org.apache.catalina.core.ApplicationFilterChain.doFilter(ApplicationFilterChain.java:149)
	at org.springframework.web.filter.RequestContextFilter.doFilterInternal(RequestContextFilter.java:100)
	at org.springframework.web.filter.OncePerRequestFilter.doFilter(OncePerRequestFilter.java:116)
	at org.apache.catalina.core.ApplicationFilterChain.internalDoFilter(ApplicationFilterChain.java:174)
	at org.apache.catalina.core.ApplicationFilterChain.doFilter(ApplicationFilterChain.java:149)
	at org.springframework.web.filter.FormContentFilter.doFilterInternal(FormContentFilter.java:93)
	at org.springframework.web.filter.OncePerRequestFilter.doFilter(OncePerRequestFilter.java:116)
	at org.apache.catalina.core.ApplicationFilterChain.internalDoFilter(ApplicationFilterChain.java:174)
	at org.apache.catalina.core.ApplicationFilterChain.doFilter(ApplicationFilterChain.java:149)
	at org.springframework.web.filter.CharacterEncodingFilter.doFilterInternal(CharacterEncodingFilter.java:201)
	at org.springframework.web.filter.OncePerRequestFilter.doFilter(OncePerRequestFilter.java:116)
	at org.apache.catalina.core.ApplicationFilterChain.internalDoFilter(ApplicationFilterChain.java:174)
	at org.apache.catalina.core.ApplicationFilterChain.doFilter(ApplicationFilterChain.java:149)
	at org.apache.catalina.core.StandardWrapperValve.invoke(StandardWrapperValve.java:166)
	at org.apache.catalina.core.StandardContextValve.invoke(StandardContextValve.java:90)
	at org.apache.catalina.authenticator.AuthenticatorBase.invoke(AuthenticatorBase.java:482)
	at org.apache.catalina.core.StandardHostValve.invoke(StandardHostValve.java:115)
	at org.apache.catalina.valves.ErrorReportValve.invoke(ErrorReportValve.java:93)
	at org.apache.catalina.core.StandardEngineValve.invoke(StandardEngineValve.java:74)
	at org.apache.catalina.connector.CoyoteAdapter.service(CoyoteAdapter.java:341)
	at org.apache.coyote.http11.Http11Processor.service(Http11Processor.java:390)
	at org.apache.coyote.AbstractProcessorLight.process(AbstractProcessorLight.java:63)
	at org.apache.coyote.AbstractProtocol$ConnectionHandler.process(AbstractProtocol.java:894)
	at org.apache.tomcat.util.net.NioEndpoint$SocketProcessor.doRun(NioEndpoint.java:1741)
	at org.apache.tomcat.util.net.SocketProcessorBase.run(SocketProcessorBase.java:52)
	at org.apache.tomcat.util.threads.ThreadPoolExecutor.runWorker(ThreadPoolExecutor.java:1191)
	at org.apache.tomcat.util.threads.ThreadPoolExecutor$Worker.run(ThreadPoolExecutor.java:659)
	at org.apache.tomcat.util.threads.TaskThread$WrappingRunnable.run(TaskThread.java:61)
	at java.base/java.lang.Thread.run(Thread.java:833)
2023-06-28 21:40:00,686 [INFO] com.netflix.discovery.shared.resolver.aws.ConfigClusterResolver [AsyncResolver-bootstrap-executor-0] Resolving eureka endpoints via configuration
2023-06-28 21:45:00,702 [INFO] com.netflix.discovery.shared.resolver.aws.ConfigClusterResolver [AsyncResolver-bootstrap-executor-0] Resolving eureka endpoints via configuration
2023-06-28 21:50:00,706 [INFO] com.netflix.discovery.shared.resolver.aws.ConfigClusterResolver [AsyncResolver-bootstrap-executor-0] Resolving eureka endpoints via configuration
2023-06-28 21:55:00,734 [INFO] com.netflix.discovery.shared.resolver.aws.ConfigClusterResolver [AsyncResolver-bootstrap-executor-0] Resolving eureka endpoints via configuration
2023-06-28 21:58:24,292 [INFO] org.springframework.boot.devtools.autoconfigure.LocalDevToolsAutoConfiguration$RestartingClassPathChangeChangedEventListener [File Watcher] Restarting due to 4 class path changes (0 additions, 0 deletions, 4 modifications)
2023-06-28 21:58:24,373 [INFO] org.springframework.cloud.netflix.eureka.serviceregistry.EurekaServiceRegistry [Thread-1] Unregistering application USER-PROFILE-SERVICE with eureka with status DOWN
2023-06-28 21:58:24,376 [INFO] com.netflix.discovery.DiscoveryClient [Thread-1] Saw local status change event StatusChangeEvent [timestamp=1687969704376, current=DOWN, previous=UP]
2023-06-28 21:58:24,380 [INFO] com.netflix.discovery.DiscoveryClient [DiscoveryClient-InstanceInfoReplicator-0] DiscoveryClient_USER-PROFILE-SERVICE/LIN80022745.corp.capgemini.com:user-profile-service:8686: registering service...
2023-06-28 21:58:24,560 [INFO] com.netflix.discovery.DiscoveryClient [DiscoveryClient-InstanceInfoReplicator-0] DiscoveryClient_USER-PROFILE-SERVICE/LIN80022745.corp.capgemini.com:user-profile-service:8686 - registration status: 204
2023-06-28 21:58:24,632 [INFO] org.apache.catalina.core.StandardService [Thread-1] Stopping service [Tomcat]
2023-06-28 21:58:24,646 [INFO] org.apache.catalina.core.ContainerBase.[Tomcat].[localhost].[/] [Thread-1] Destroying Spring FrameworkServlet 'dispatcherServlet'
2023-06-28 21:58:24,858 [INFO] com.netflix.discovery.DiscoveryClient [Thread-1] Shutting down DiscoveryClient ...
2023-06-28 21:58:27,873 [INFO] com.netflix.discovery.DiscoveryClient [Thread-1] Unregistering ...
2023-06-28 21:58:27,892 [INFO] com.netflix.discovery.DiscoveryClient [Thread-1] DiscoveryClient_USER-PROFILE-SERVICE/LIN80022745.corp.capgemini.com:user-profile-service:8686 - deregister  status: 200
2023-06-28 21:58:27,919 [INFO] com.netflix.discovery.DiscoveryClient [Thread-1] Completed shut down of DiscoveryClient
2023-06-28 21:58:28,382 [INFO] com.eshoppingzone.userprofile.UserProfileApplication [restartedMain] Starting UserProfileApplication using Java 17.0.4.1 with PID 484 (C:\Users\madhusrs\Documents\CaseStudy\UserProfile\target\classes started by madhusrs in C:\Users\madhusrs\Documents\CaseStudy\UserProfile)
2023-06-28 21:58:28,383 [DEBUG] com.eshoppingzone.userprofile.UserProfileApplication [restartedMain] Running with Spring Boot v3.0.6, Spring v6.0.8
2023-06-28 21:58:28,383 [INFO] com.eshoppingzone.userprofile.UserProfileApplication [restartedMain] No active profile set, falling back to 1 default profile: "default"
2023-06-28 21:58:29,025 [INFO] org.springframework.data.repository.config.RepositoryConfigurationDelegate [restartedMain] Bootstrapping Spring Data MongoDB repositories in DEFAULT mode.
2023-06-28 21:58:29,045 [INFO] org.springframework.data.repository.config.RepositoryConfigurationDelegate [restartedMain] Finished Spring Data repository scanning in 18 ms. Found 1 MongoDB repository interfaces.
2023-06-28 21:58:29,182 [INFO] org.springframework.cloud.context.scope.GenericScope [restartedMain] BeanFactory id=1806e4aa-6c04-384f-a18d-b7dfe715a992
2023-06-28 21:58:29,335 [INFO] org.springframework.boot.web.embedded.tomcat.TomcatWebServer [restartedMain] Tomcat initialized with port(s): 8686 (http)
2023-06-28 21:58:29,336 [INFO] org.apache.catalina.core.StandardService [restartedMain] Starting service [Tomcat]
2023-06-28 21:58:29,336 [INFO] org.apache.catalina.core.StandardEngine [restartedMain] Starting Servlet engine: [Apache Tomcat/10.1.8]
2023-06-28 21:58:29,404 [INFO] org.apache.catalina.core.ContainerBase.[Tomcat].[localhost].[/] [restartedMain] Initializing Spring embedded WebApplicationContext
2023-06-28 21:58:29,405 [INFO] org.springframework.boot.web.servlet.context.ServletWebServerApplicationContext [restartedMain] Root WebApplicationContext: initialization completed in 1018 ms
2023-06-28 21:58:29,472 [INFO] org.mongodb.driver.client [restartedMain] MongoClient with metadata {"driver": {"name": "mongo-java-driver|sync|spring-boot", "version": "4.8.2"}, "os": {"type": "Windows", "name": "Windows 11", "architecture": "amd64", "version": "10.0"}, "platform": "Java/Eclipse Adoptium/17.0.4.1+1"} created with settings MongoClientSettings{readPreference=primary, writeConcern=WriteConcern{w=null, wTimeout=null ms, journal=null}, retryWrites=true, retryReads=true, readConcern=ReadConcern{level=null}, credential=null, streamFactoryFactory=null, commandListeners=[], codecRegistry=ProvidersCodecRegistry{codecProviders=[ValueCodecProvider{}, BsonValueCodecProvider{}, DBRefCodecProvider{}, DBObjectCodecProvider{}, DocumentCodecProvider{}, CollectionCodecProvider{}, IterableCodecProvider{}, MapCodecProvider{}, GeoJsonCodecProvider{}, GridFSFileCodecProvider{}, Jsr310CodecProvider{}, JsonObjectCodecProvider{}, BsonCodecProvider{}, EnumCodecProvider{}, com.mongodb.Jep395RecordCodecProvider@4188b2ce]}, clusterSettings={hosts=[localhost:27017], srvServiceName=mongodb, mode=SINGLE, requiredClusterType=UNKNOWN, requiredReplicaSetName='null', serverSelector='null', clusterListeners='[]', serverSelectionTimeout='30000 ms', localThreshold='30000 ms'}, socketSettings=SocketSettings{connectTimeoutMS=10000, readTimeoutMS=0, receiveBufferSize=0, sendBufferSize=0}, heartbeatSocketSettings=SocketSettings{connectTimeoutMS=10000, readTimeoutMS=10000, receiveBufferSize=0, sendBufferSize=0}, connectionPoolSettings=ConnectionPoolSettings{maxSize=100, minSize=0, maxWaitTimeMS=120000, maxConnectionLifeTimeMS=0, maxConnectionIdleTimeMS=0, maintenanceInitialDelayMS=0, maintenanceFrequencyMS=60000, connectionPoolListeners=[], maxConnecting=2}, serverSettings=ServerSettings{heartbeatFrequencyMS=10000, minHeartbeatFrequencyMS=500, serverListeners='[]', serverMonitorListeners='[]'}, sslSettings=SslSettings{enabled=false, invalidHostNameAllowed=false, context=null}, applicationName='null', compressorList=[], uuidRepresentation=JAVA_LEGACY, serverApi=null, autoEncryptionSettings=null, contextProvider=null}
2023-06-28 21:58:29,487 [INFO] org.mongodb.driver.cluster [cluster-ClusterId{value='649c5fade180db6bb57a1dbf', description='null'}-localhost:27017] Monitor thread successfully connected to server with description ServerDescription{address=localhost:27017, type=STANDALONE, state=CONNECTED, ok=true, minWireVersion=0, maxWireVersion=8, maxDocumentSize=16777216, logicalSessionTimeoutMinutes=30, roundTripTimeNanos=11697600}
2023-06-28 21:58:29,526 [WARN] org.springframework.boot.devtools.autoconfigure.OptionalLiveReloadServer [restartedMain] Unable to start LiveReload server
2023-06-28 21:58:29,980 [INFO] org.springframework.cloud.netflix.eureka.config.DiscoveryClientOptionalArgsConfiguration [restartedMain] Eureka HTTP Client uses RestTemplate.
2023-06-28 21:58:30,168 [WARN] org.springframework.cloud.loadbalancer.config.LoadBalancerCacheAutoConfiguration$LoadBalancerCaffeineWarnLogger [restartedMain] Spring Cloud LoadBalancer is currently working with the default cache. While this cache implementation is useful for development and tests, it's recommended to use Caffeine cache in production.You can switch to using Caffeine cache, by adding it and org.springframework.cache.caffeine.CaffeineCacheManager to the classpath.
2023-06-28 21:58:30,209 [INFO] org.springframework.cloud.netflix.eureka.InstanceInfoFactory [restartedMain] Setting initial instance status as: STARTING
2023-06-28 21:58:30,214 [INFO] com.netflix.discovery.DiscoveryClient [restartedMain] Initializing Eureka in region us-east-1
2023-06-28 21:58:30,214 [INFO] com.netflix.discovery.shared.resolver.aws.ConfigClusterResolver [restartedMain] Resolving eureka endpoints via configuration
2023-06-28 21:58:30,235 [INFO] com.netflix.discovery.DiscoveryClient [restartedMain] Disable delta property : false
2023-06-28 21:58:30,235 [INFO] com.netflix.discovery.DiscoveryClient [restartedMain] Single vip registry refresh property : null
2023-06-28 21:58:30,235 [INFO] com.netflix.discovery.DiscoveryClient [restartedMain] Force full registry fetch : false
2023-06-28 21:58:30,235 [INFO] com.netflix.discovery.DiscoveryClient [restartedMain] Application is null : false
2023-06-28 21:58:30,235 [INFO] com.netflix.discovery.DiscoveryClient [restartedMain] Registered Applications size is zero : true
2023-06-28 21:58:30,236 [INFO] com.netflix.discovery.DiscoveryClient [restartedMain] Application version is -1: true
2023-06-28 21:58:30,236 [INFO] com.netflix.discovery.DiscoveryClient [restartedMain] Getting all instance registry info from the eureka server
2023-06-28 21:58:30,287 [INFO] com.netflix.discovery.DiscoveryClient [restartedMain] The response status is 200
2023-06-28 21:58:30,288 [INFO] com.netflix.discovery.DiscoveryClient [restartedMain] Starting heartbeat executor: renew interval is: 30
2023-06-28 21:58:30,289 [INFO] com.netflix.discovery.InstanceInfoReplicator [restartedMain] InstanceInfoReplicator onDemand update allowed rate per min is 4
2023-06-28 21:58:30,290 [INFO] com.netflix.discovery.DiscoveryClient [restartedMain] Discovery Client initialized at timestamp 1687969710290 with initial instances count: 7
2023-06-28 21:58:30,291 [INFO] org.springframework.cloud.netflix.eureka.serviceregistry.EurekaServiceRegistry [restartedMain] Registering application USER-PROFILE-SERVICE with eureka with status UP
2023-06-28 21:58:30,292 [INFO] com.netflix.discovery.DiscoveryClient [restartedMain] Saw local status change event StatusChangeEvent [timestamp=1687969710292, current=UP, previous=STARTING]
2023-06-28 21:58:30,292 [INFO] com.netflix.discovery.DiscoveryClient [DiscoveryClient-InstanceInfoReplicator-0] DiscoveryClient_USER-PROFILE-SERVICE/LIN80022745.corp.capgemini.com:user-profile-service:8686: registering service...
2023-06-28 21:58:30,305 [INFO] org.springframework.boot.web.embedded.tomcat.TomcatWebServer [restartedMain] Tomcat started on port(s): 8686 (http) with context path ''
2023-06-28 21:58:30,306 [INFO] org.springframework.cloud.netflix.eureka.serviceregistry.EurekaAutoServiceRegistration [restartedMain] Updating port to 8686
2023-06-28 21:58:30,310 [INFO] com.netflix.discovery.DiscoveryClient [DiscoveryClient-InstanceInfoReplicator-0] DiscoveryClient_USER-PROFILE-SERVICE/LIN80022745.corp.capgemini.com:user-profile-service:8686 - registration status: 204
2023-06-28 21:58:30,465 [INFO] com.eshoppingzone.userprofile.UserProfileApplication [restartedMain] Started UserProfileApplication in 2.26 seconds (process running for 1716.767)
2023-06-28 21:58:30,469 [INFO] org.springframework.boot.devtools.autoconfigure.ConditionEvaluationDeltaLoggingListener [restartedMain] Condition evaluation unchanged
2023-06-28 21:58:31,244 [INFO] org.springframework.boot.devtools.autoconfigure.LocalDevToolsAutoConfiguration$RestartingClassPathChangeChangedEventListener [File Watcher] Restarting due to 3 class path changes (0 additions, 0 deletions, 3 modifications)
2023-06-28 21:58:31,253 [INFO] org.springframework.cloud.netflix.eureka.serviceregistry.EurekaServiceRegistry [Thread-7] Unregistering application USER-PROFILE-SERVICE with eureka with status DOWN
2023-06-28 21:58:31,254 [INFO] com.netflix.discovery.DiscoveryClient [Thread-7] Saw local status change event StatusChangeEvent [timestamp=1687969711254, current=DOWN, previous=UP]
2023-06-28 21:58:31,255 [INFO] com.netflix.discovery.DiscoveryClient [DiscoveryClient-InstanceInfoReplicator-0] DiscoveryClient_USER-PROFILE-SERVICE/LIN80022745.corp.capgemini.com:user-profile-service:8686: registering service...
2023-06-28 21:58:31,271 [INFO] com.netflix.discovery.DiscoveryClient [DiscoveryClient-InstanceInfoReplicator-0] DiscoveryClient_USER-PROFILE-SERVICE/LIN80022745.corp.capgemini.com:user-profile-service:8686 - registration status: 204
2023-06-28 21:58:31,293 [INFO] org.apache.catalina.core.StandardService [Thread-7] Stopping service [Tomcat]
2023-06-28 21:58:31,300 [INFO] com.netflix.discovery.DiscoveryClient [Thread-7] Shutting down DiscoveryClient ...
2023-06-28 21:58:34,304 [INFO] com.netflix.discovery.DiscoveryClient [Thread-7] Unregistering ...
2023-06-28 21:58:34,311 [INFO] com.netflix.discovery.DiscoveryClient [Thread-7] DiscoveryClient_USER-PROFILE-SERVICE/LIN80022745.corp.capgemini.com:user-profile-service:8686 - deregister  status: 200
2023-06-28 21:58:34,318 [INFO] com.netflix.discovery.DiscoveryClient [Thread-7] Completed shut down of DiscoveryClient
2023-06-28 21:58:34,520 [INFO] com.eshoppingzone.userprofile.UserProfileApplication [restartedMain] Starting UserProfileApplication using Java 17.0.4.1 with PID 484 (C:\Users\madhusrs\Documents\CaseStudy\UserProfile\target\classes started by madhusrs in C:\Users\madhusrs\Documents\CaseStudy\UserProfile)
2023-06-28 21:58:34,521 [DEBUG] com.eshoppingzone.userprofile.UserProfileApplication [restartedMain] Running with Spring Boot v3.0.6, Spring v6.0.8
2023-06-28 21:58:34,521 [INFO] com.eshoppingzone.userprofile.UserProfileApplication [restartedMain] No active profile set, falling back to 1 default profile: "default"
2023-06-28 21:58:34,695 [INFO] org.springframework.data.repository.config.RepositoryConfigurationDelegate [restartedMain] Bootstrapping Spring Data MongoDB repositories in DEFAULT mode.
2023-06-28 21:58:34,705 [INFO] org.springframework.data.repository.config.RepositoryConfigurationDelegate [restartedMain] Finished Spring Data repository scanning in 9 ms. Found 1 MongoDB repository interfaces.
2023-06-28 21:58:34,756 [INFO] org.springframework.cloud.context.scope.GenericScope [restartedMain] BeanFactory id=1806e4aa-6c04-384f-a18d-b7dfe715a992
2023-06-28 21:58:34,863 [INFO] org.springframework.boot.web.embedded.tomcat.TomcatWebServer [restartedMain] Tomcat initialized with port(s): 8686 (http)
2023-06-28 21:58:34,864 [INFO] org.apache.catalina.core.StandardService [restartedMain] Starting service [Tomcat]
2023-06-28 21:58:34,864 [INFO] org.apache.catalina.core.StandardEngine [restartedMain] Starting Servlet engine: [Apache Tomcat/10.1.8]
2023-06-28 21:58:34,897 [INFO] org.apache.catalina.core.ContainerBase.[Tomcat].[localhost].[/] [restartedMain] Initializing Spring embedded WebApplicationContext
2023-06-28 21:58:34,897 [INFO] org.springframework.boot.web.servlet.context.ServletWebServerApplicationContext [restartedMain] Root WebApplicationContext: initialization completed in 374 ms
2023-06-28 21:58:34,912 [INFO] org.mongodb.driver.client [restartedMain] MongoClient with metadata {"driver": {"name": "mongo-java-driver|sync|spring-boot", "version": "4.8.2"}, "os": {"type": "Windows", "name": "Windows 11", "architecture": "amd64", "version": "10.0"}, "platform": "Java/Eclipse Adoptium/17.0.4.1+1"} created with settings MongoClientSettings{readPreference=primary, writeConcern=WriteConcern{w=null, wTimeout=null ms, journal=null}, retryWrites=true, retryReads=true, readConcern=ReadConcern{level=null}, credential=null, streamFactoryFactory=null, commandListeners=[], codecRegistry=ProvidersCodecRegistry{codecProviders=[ValueCodecProvider{}, BsonValueCodecProvider{}, DBRefCodecProvider{}, DBObjectCodecProvider{}, DocumentCodecProvider{}, CollectionCodecProvider{}, IterableCodecProvider{}, MapCodecProvider{}, GeoJsonCodecProvider{}, GridFSFileCodecProvider{}, Jsr310CodecProvider{}, JsonObjectCodecProvider{}, BsonCodecProvider{}, EnumCodecProvider{}, com.mongodb.Jep395RecordCodecProvider@4188b2ce]}, clusterSettings={hosts=[localhost:27017], srvServiceName=mongodb, mode=SINGLE, requiredClusterType=UNKNOWN, requiredReplicaSetName='null', serverSelector='null', clusterListeners='[]', serverSelectionTimeout='30000 ms', localThreshold='30000 ms'}, socketSettings=SocketSettings{connectTimeoutMS=10000, readTimeoutMS=0, receiveBufferSize=0, sendBufferSize=0}, heartbeatSocketSettings=SocketSettings{connectTimeoutMS=10000, readTimeoutMS=10000, receiveBufferSize=0, sendBufferSize=0}, connectionPoolSettings=ConnectionPoolSettings{maxSize=100, minSize=0, maxWaitTimeMS=120000, maxConnectionLifeTimeMS=0, maxConnectionIdleTimeMS=0, maintenanceInitialDelayMS=0, maintenanceFrequencyMS=60000, connectionPoolListeners=[], maxConnecting=2}, serverSettings=ServerSettings{heartbeatFrequencyMS=10000, minHeartbeatFrequencyMS=500, serverListeners='[]', serverMonitorListeners='[]'}, sslSettings=SslSettings{enabled=false, invalidHostNameAllowed=false, context=null}, applicationName='null', compressorList=[], uuidRepresentation=JAVA_LEGACY, serverApi=null, autoEncryptionSettings=null, contextProvider=null}
2023-06-28 21:58:34,918 [INFO] org.mongodb.driver.cluster [cluster-ClusterId{value='649c5fb2e180db6bb57a1dc0', description='null'}-localhost:27017] Monitor thread successfully connected to server with description ServerDescription{address=localhost:27017, type=STANDALONE, state=CONNECTED, ok=true, minWireVersion=0, maxWireVersion=8, maxDocumentSize=16777216, logicalSessionTimeoutMinutes=30, roundTripTimeNanos=4813400}
2023-06-28 21:58:34,930 [WARN] org.springframework.boot.devtools.autoconfigure.OptionalLiveReloadServer [restartedMain] Unable to start LiveReload server
2023-06-28 21:58:35,138 [INFO] org.springframework.cloud.netflix.eureka.config.DiscoveryClientOptionalArgsConfiguration [restartedMain] Eureka HTTP Client uses RestTemplate.
2023-06-28 21:58:35,263 [WARN] org.springframework.cloud.loadbalancer.config.LoadBalancerCacheAutoConfiguration$LoadBalancerCaffeineWarnLogger [restartedMain] Spring Cloud LoadBalancer is currently working with the default cache. While this cache implementation is useful for development and tests, it's recommended to use Caffeine cache in production.You can switch to using Caffeine cache, by adding it and org.springframework.cache.caffeine.CaffeineCacheManager to the classpath.
2023-06-28 21:58:35,279 [INFO] org.springframework.cloud.netflix.eureka.InstanceInfoFactory [restartedMain] Setting initial instance status as: STARTING
2023-06-28 21:58:35,281 [INFO] com.netflix.discovery.DiscoveryClient [restartedMain] Initializing Eureka in region us-east-1
2023-06-28 21:58:35,281 [INFO] com.netflix.discovery.shared.resolver.aws.ConfigClusterResolver [restartedMain] Resolving eureka endpoints via configuration
2023-06-28 21:58:35,282 [INFO] com.netflix.discovery.DiscoveryClient [restartedMain] Disable delta property : false
2023-06-28 21:58:35,282 [INFO] com.netflix.discovery.DiscoveryClient [restartedMain] Single vip registry refresh property : null
2023-06-28 21:58:35,282 [INFO] com.netflix.discovery.DiscoveryClient [restartedMain] Force full registry fetch : false
2023-06-28 21:58:35,282 [INFO] com.netflix.discovery.DiscoveryClient [restartedMain] Application is null : false
2023-06-28 21:58:35,282 [INFO] com.netflix.discovery.DiscoveryClient [restartedMain] Registered Applications size is zero : true
2023-06-28 21:58:35,282 [INFO] com.netflix.discovery.DiscoveryClient [restartedMain] Application version is -1: true
2023-06-28 21:58:35,282 [INFO] com.netflix.discovery.DiscoveryClient [restartedMain] Getting all instance registry info from the eureka server
2023-06-28 21:58:35,301 [INFO] com.netflix.discovery.DiscoveryClient [restartedMain] The response status is 200
2023-06-28 21:58:35,302 [INFO] com.netflix.discovery.DiscoveryClient [restartedMain] Starting heartbeat executor: renew interval is: 30
2023-06-28 21:58:35,303 [INFO] com.netflix.discovery.InstanceInfoReplicator [restartedMain] InstanceInfoReplicator onDemand update allowed rate per min is 4
2023-06-28 21:58:35,305 [INFO] com.netflix.discovery.DiscoveryClient [restartedMain] Discovery Client initialized at timestamp 1687969715305 with initial instances count: 7
2023-06-28 21:58:35,305 [INFO] org.springframework.cloud.netflix.eureka.serviceregistry.EurekaServiceRegistry [restartedMain] Registering application USER-PROFILE-SERVICE with eureka with status UP
2023-06-28 21:58:35,306 [INFO] com.netflix.discovery.DiscoveryClient [restartedMain] Saw local status change event StatusChangeEvent [timestamp=1687969715306, current=UP, previous=STARTING]
2023-06-28 21:58:35,306 [INFO] com.netflix.discovery.DiscoveryClient [DiscoveryClient-InstanceInfoReplicator-0] DiscoveryClient_USER-PROFILE-SERVICE/LIN80022745.corp.capgemini.com:user-profile-service:8686: registering service...
2023-06-28 21:58:35,313 [INFO] org.springframework.boot.web.embedded.tomcat.TomcatWebServer [restartedMain] Tomcat started on port(s): 8686 (http) with context path ''
2023-06-28 21:58:35,315 [INFO] org.springframework.cloud.netflix.eureka.serviceregistry.EurekaAutoServiceRegistration [restartedMain] Updating port to 8686
2023-06-28 21:58:35,317 [INFO] com.netflix.discovery.DiscoveryClient [DiscoveryClient-InstanceInfoReplicator-0] DiscoveryClient_USER-PROFILE-SERVICE/LIN80022745.corp.capgemini.com:user-profile-service:8686 - registration status: 204
2023-06-28 21:58:35,443 [INFO] com.eshoppingzone.userprofile.UserProfileApplication [restartedMain] Started UserProfileApplication in 1.077 seconds (process running for 1721.746)
2023-06-28 21:58:35,445 [INFO] org.springframework.boot.devtools.autoconfigure.ConditionEvaluationDeltaLoggingListener [restartedMain] Condition evaluation unchanged
2023-06-28 21:58:40,556 [INFO] org.springframework.boot.devtools.autoconfigure.LocalDevToolsAutoConfiguration$RestartingClassPathChangeChangedEventListener [File Watcher] Restarting due to 1 class path change (0 additions, 0 deletions, 1 modification)
2023-06-28 21:58:40,558 [INFO] org.springframework.cloud.netflix.eureka.serviceregistry.EurekaServiceRegistry [Thread-13] Unregistering application USER-PROFILE-SERVICE with eureka with status DOWN
2023-06-28 21:58:40,558 [INFO] com.netflix.discovery.DiscoveryClient [Thread-13] Saw local status change event StatusChangeEvent [timestamp=1687969720558, current=DOWN, previous=UP]
2023-06-28 21:58:40,558 [INFO] com.netflix.discovery.DiscoveryClient [DiscoveryClient-InstanceInfoReplicator-0] DiscoveryClient_USER-PROFILE-SERVICE/LIN80022745.corp.capgemini.com:user-profile-service:8686: registering service...
2023-06-28 21:58:40,565 [INFO] com.netflix.discovery.DiscoveryClient [DiscoveryClient-InstanceInfoReplicator-0] DiscoveryClient_USER-PROFILE-SERVICE/LIN80022745.corp.capgemini.com:user-profile-service:8686 - registration status: 204
2023-06-28 21:58:40,580 [INFO] org.apache.catalina.core.StandardService [Thread-13] Stopping service [Tomcat]
2023-06-28 21:58:40,587 [INFO] com.netflix.discovery.DiscoveryClient [Thread-13] Shutting down DiscoveryClient ...
2023-06-28 21:58:43,601 [INFO] com.netflix.discovery.DiscoveryClient [Thread-13] Unregistering ...
2023-06-28 21:58:43,606 [INFO] com.netflix.discovery.DiscoveryClient [Thread-13] DiscoveryClient_USER-PROFILE-SERVICE/LIN80022745.corp.capgemini.com:user-profile-service:8686 - deregister  status: 200
2023-06-28 21:58:43,609 [INFO] com.netflix.discovery.DiscoveryClient [Thread-13] Completed shut down of DiscoveryClient
2023-06-28 21:58:43,832 [INFO] com.eshoppingzone.userprofile.UserProfileApplication [restartedMain] Starting UserProfileApplication using Java 17.0.4.1 with PID 484 (C:\Users\madhusrs\Documents\CaseStudy\UserProfile\target\classes started by madhusrs in C:\Users\madhusrs\Documents\CaseStudy\UserProfile)
2023-06-28 21:58:43,832 [DEBUG] com.eshoppingzone.userprofile.UserProfileApplication [restartedMain] Running with Spring Boot v3.0.6, Spring v6.0.8
2023-06-28 21:58:43,832 [INFO] com.eshoppingzone.userprofile.UserProfileApplication [restartedMain] No active profile set, falling back to 1 default profile: "default"
2023-06-28 21:58:43,998 [INFO] org.springframework.data.repository.config.RepositoryConfigurationDelegate [restartedMain] Bootstrapping Spring Data MongoDB repositories in DEFAULT mode.
2023-06-28 21:58:44,008 [INFO] org.springframework.data.repository.config.RepositoryConfigurationDelegate [restartedMain] Finished Spring Data repository scanning in 8 ms. Found 1 MongoDB repository interfaces.
2023-06-28 21:58:44,054 [INFO] org.springframework.cloud.context.scope.GenericScope [restartedMain] BeanFactory id=1806e4aa-6c04-384f-a18d-b7dfe715a992
2023-06-28 21:58:44,101 [INFO] org.springframework.boot.web.embedded.tomcat.TomcatWebServer [restartedMain] Tomcat initialized with port(s): 8686 (http)
2023-06-28 21:58:44,102 [INFO] org.apache.catalina.core.StandardService [restartedMain] Starting service [Tomcat]
2023-06-28 21:58:44,103 [INFO] org.apache.catalina.core.StandardEngine [restartedMain] Starting Servlet engine: [Apache Tomcat/10.1.8]
2023-06-28 21:58:44,132 [INFO] org.apache.catalina.core.ContainerBase.[Tomcat].[localhost].[/] [restartedMain] Initializing Spring embedded WebApplicationContext
2023-06-28 21:58:44,132 [INFO] org.springframework.boot.web.servlet.context.ServletWebServerApplicationContext [restartedMain] Root WebApplicationContext: initialization completed in 298 ms
2023-06-28 21:58:44,145 [INFO] org.mongodb.driver.client [restartedMain] MongoClient with metadata {"driver": {"name": "mongo-java-driver|sync|spring-boot", "version": "4.8.2"}, "os": {"type": "Windows", "name": "Windows 11", "architecture": "amd64", "version": "10.0"}, "platform": "Java/Eclipse Adoptium/17.0.4.1+1"} created with settings MongoClientSettings{readPreference=primary, writeConcern=WriteConcern{w=null, wTimeout=null ms, journal=null}, retryWrites=true, retryReads=true, readConcern=ReadConcern{level=null}, credential=null, streamFactoryFactory=null, commandListeners=[], codecRegistry=ProvidersCodecRegistry{codecProviders=[ValueCodecProvider{}, BsonValueCodecProvider{}, DBRefCodecProvider{}, DBObjectCodecProvider{}, DocumentCodecProvider{}, CollectionCodecProvider{}, IterableCodecProvider{}, MapCodecProvider{}, GeoJsonCodecProvider{}, GridFSFileCodecProvider{}, Jsr310CodecProvider{}, JsonObjectCodecProvider{}, BsonCodecProvider{}, EnumCodecProvider{}, com.mongodb.Jep395RecordCodecProvider@4188b2ce]}, clusterSettings={hosts=[localhost:27017], srvServiceName=mongodb, mode=SINGLE, requiredClusterType=UNKNOWN, requiredReplicaSetName='null', serverSelector='null', clusterListeners='[]', serverSelectionTimeout='30000 ms', localThreshold='30000 ms'}, socketSettings=SocketSettings{connectTimeoutMS=10000, readTimeoutMS=0, receiveBufferSize=0, sendBufferSize=0}, heartbeatSocketSettings=SocketSettings{connectTimeoutMS=10000, readTimeoutMS=10000, receiveBufferSize=0, sendBufferSize=0}, connectionPoolSettings=ConnectionPoolSettings{maxSize=100, minSize=0, maxWaitTimeMS=120000, maxConnectionLifeTimeMS=0, maxConnectionIdleTimeMS=0, maintenanceInitialDelayMS=0, maintenanceFrequencyMS=60000, connectionPoolListeners=[], maxConnecting=2}, serverSettings=ServerSettings{heartbeatFrequencyMS=10000, minHeartbeatFrequencyMS=500, serverListeners='[]', serverMonitorListeners='[]'}, sslSettings=SslSettings{enabled=false, invalidHostNameAllowed=false, context=null}, applicationName='null', compressorList=[], uuidRepresentation=JAVA_LEGACY, serverApi=null, autoEncryptionSettings=null, contextProvider=null}
2023-06-28 21:58:44,150 [INFO] org.mongodb.driver.cluster [cluster-ClusterId{value='649c5fbce180db6bb57a1dc1', description='null'}-localhost:27017] Monitor thread successfully connected to server with description ServerDescription{address=localhost:27017, type=STANDALONE, state=CONNECTED, ok=true, minWireVersion=0, maxWireVersion=8, maxDocumentSize=16777216, logicalSessionTimeoutMinutes=30, roundTripTimeNanos=4052700}
2023-06-28 21:58:44,163 [WARN] org.springframework.boot.devtools.autoconfigure.OptionalLiveReloadServer [restartedMain] Unable to start LiveReload server
2023-06-28 21:58:44,394 [INFO] org.springframework.cloud.netflix.eureka.config.DiscoveryClientOptionalArgsConfiguration [restartedMain] Eureka HTTP Client uses RestTemplate.
2023-06-28 21:58:44,537 [WARN] org.springframework.cloud.loadbalancer.config.LoadBalancerCacheAutoConfiguration$LoadBalancerCaffeineWarnLogger [restartedMain] Spring Cloud LoadBalancer is currently working with the default cache. While this cache implementation is useful for development and tests, it's recommended to use Caffeine cache in production.You can switch to using Caffeine cache, by adding it and org.springframework.cache.caffeine.CaffeineCacheManager to the classpath.
2023-06-28 21:58:44,550 [INFO] org.springframework.cloud.netflix.eureka.InstanceInfoFactory [restartedMain] Setting initial instance status as: STARTING
2023-06-28 21:58:44,552 [INFO] com.netflix.discovery.DiscoveryClient [restartedMain] Initializing Eureka in region us-east-1
2023-06-28 21:58:44,553 [INFO] com.netflix.discovery.shared.resolver.aws.ConfigClusterResolver [restartedMain] Resolving eureka endpoints via configuration
2023-06-28 21:58:44,553 [INFO] com.netflix.discovery.DiscoveryClient [restartedMain] Disable delta property : false
2023-06-28 21:58:44,554 [INFO] com.netflix.discovery.DiscoveryClient [restartedMain] Single vip registry refresh property : null
2023-06-28 21:58:44,554 [INFO] com.netflix.discovery.DiscoveryClient [restartedMain] Force full registry fetch : false
2023-06-28 21:58:44,554 [INFO] com.netflix.discovery.DiscoveryClient [restartedMain] Application is null : false
2023-06-28 21:58:44,554 [INFO] com.netflix.discovery.DiscoveryClient [restartedMain] Registered Applications size is zero : true
2023-06-28 21:58:44,554 [INFO] com.netflix.discovery.DiscoveryClient [restartedMain] Application version is -1: true
2023-06-28 21:58:44,554 [INFO] com.netflix.discovery.DiscoveryClient [restartedMain] Getting all instance registry info from the eureka server
2023-06-28 21:58:44,569 [INFO] com.netflix.discovery.DiscoveryClient [restartedMain] The response status is 200
2023-06-28 21:58:44,570 [INFO] com.netflix.discovery.DiscoveryClient [restartedMain] Starting heartbeat executor: renew interval is: 30
2023-06-28 21:58:44,571 [INFO] com.netflix.discovery.InstanceInfoReplicator [restartedMain] InstanceInfoReplicator onDemand update allowed rate per min is 4
2023-06-28 21:58:44,572 [INFO] com.netflix.discovery.DiscoveryClient [restartedMain] Discovery Client initialized at timestamp 1687969724572 with initial instances count: 7
2023-06-28 21:58:44,573 [INFO] org.springframework.cloud.netflix.eureka.serviceregistry.EurekaServiceRegistry [restartedMain] Registering application USER-PROFILE-SERVICE with eureka with status UP
2023-06-28 21:58:44,573 [INFO] com.netflix.discovery.DiscoveryClient [restartedMain] Saw local status change event StatusChangeEvent [timestamp=1687969724573, current=UP, previous=STARTING]
2023-06-28 21:58:44,574 [INFO] com.netflix.discovery.DiscoveryClient [DiscoveryClient-InstanceInfoReplicator-0] DiscoveryClient_USER-PROFILE-SERVICE/LIN80022745.corp.capgemini.com:user-profile-service:8686: registering service...
2023-06-28 21:58:44,581 [INFO] org.springframework.boot.web.embedded.tomcat.TomcatWebServer [restartedMain] Tomcat started on port(s): 8686 (http) with context path ''
2023-06-28 21:58:44,582 [INFO] org.springframework.cloud.netflix.eureka.serviceregistry.EurekaAutoServiceRegistration [restartedMain] Updating port to 8686
2023-06-28 21:58:44,588 [INFO] com.netflix.discovery.DiscoveryClient [DiscoveryClient-InstanceInfoReplicator-0] DiscoveryClient_USER-PROFILE-SERVICE/LIN80022745.corp.capgemini.com:user-profile-service:8686 - registration status: 204
2023-06-28 21:58:44,712 [INFO] com.eshoppingzone.userprofile.UserProfileApplication [restartedMain] Started UserProfileApplication in 1.06 seconds (process running for 1731.015)
2023-06-28 21:58:44,716 [INFO] org.springframework.boot.devtools.autoconfigure.ConditionEvaluationDeltaLoggingListener [restartedMain] Condition evaluation unchanged
2023-06-28 22:00:48,943 [INFO] org.springframework.boot.devtools.autoconfigure.LocalDevToolsAutoConfiguration$RestartingClassPathChangeChangedEventListener [File Watcher] Restarting due to 1 class path change (0 additions, 0 deletions, 1 modification)
2023-06-28 22:00:48,945 [INFO] org.springframework.cloud.netflix.eureka.serviceregistry.EurekaServiceRegistry [Thread-19] Unregistering application USER-PROFILE-SERVICE with eureka with status DOWN
2023-06-28 22:00:48,945 [INFO] com.netflix.discovery.DiscoveryClient [Thread-19] Saw local status change event StatusChangeEvent [timestamp=1687969848945, current=DOWN, previous=UP]
2023-06-28 22:00:48,945 [INFO] com.netflix.discovery.DiscoveryClient [DiscoveryClient-InstanceInfoReplicator-0] DiscoveryClient_USER-PROFILE-SERVICE/LIN80022745.corp.capgemini.com:user-profile-service:8686: registering service...
2023-06-28 22:00:48,957 [INFO] org.apache.catalina.core.StandardService [Thread-19] Stopping service [Tomcat]
2023-06-28 22:00:48,962 [INFO] com.netflix.discovery.DiscoveryClient [Thread-19] Shutting down DiscoveryClient ...
2023-06-28 22:00:48,996 [INFO] com.netflix.discovery.DiscoveryClient [DiscoveryClient-InstanceInfoReplicator-0] DiscoveryClient_USER-PROFILE-SERVICE/LIN80022745.corp.capgemini.com:user-profile-service:8686 - registration status: 204
2023-06-28 22:00:49,000 [INFO] com.netflix.discovery.DiscoveryClient [Thread-19] Unregistering ...
2023-06-28 22:00:49,004 [INFO] com.netflix.discovery.DiscoveryClient [Thread-19] DiscoveryClient_USER-PROFILE-SERVICE/LIN80022745.corp.capgemini.com:user-profile-service:8686 - deregister  status: 200
2023-06-28 22:00:49,007 [INFO] com.netflix.discovery.DiscoveryClient [Thread-19] Completed shut down of DiscoveryClient
2023-06-28 22:00:49,267 [INFO] com.eshoppingzone.userprofile.UserProfileApplication [restartedMain] Starting UserProfileApplication using Java 17.0.4.1 with PID 484 (C:\Users\madhusrs\Documents\CaseStudy\UserProfile\target\classes started by madhusrs in C:\Users\madhusrs\Documents\CaseStudy\UserProfile)
2023-06-28 22:00:49,268 [DEBUG] com.eshoppingzone.userprofile.UserProfileApplication [restartedMain] Running with Spring Boot v3.0.6, Spring v6.0.8
2023-06-28 22:00:49,268 [INFO] com.eshoppingzone.userprofile.UserProfileApplication [restartedMain] No active profile set, falling back to 1 default profile: "default"
2023-06-28 22:00:49,609 [INFO] org.springframework.data.repository.config.RepositoryConfigurationDelegate [restartedMain] Bootstrapping Spring Data MongoDB repositories in DEFAULT mode.
2023-06-28 22:00:49,618 [INFO] org.springframework.data.repository.config.RepositoryConfigurationDelegate [restartedMain] Finished Spring Data repository scanning in 9 ms. Found 1 MongoDB repository interfaces.
2023-06-28 22:00:49,691 [INFO] org.springframework.cloud.context.scope.GenericScope [restartedMain] BeanFactory id=1806e4aa-6c04-384f-a18d-b7dfe715a992
2023-06-28 22:00:49,753 [INFO] org.springframework.boot.web.embedded.tomcat.TomcatWebServer [restartedMain] Tomcat initialized with port(s): 8686 (http)
2023-06-28 22:00:49,753 [INFO] org.apache.catalina.core.StandardService [restartedMain] Starting service [Tomcat]
2023-06-28 22:00:49,753 [INFO] org.apache.catalina.core.StandardEngine [restartedMain] Starting Servlet engine: [Apache Tomcat/10.1.8]
2023-06-28 22:00:49,793 [INFO] org.apache.catalina.core.ContainerBase.[Tomcat].[localhost].[/] [restartedMain] Initializing Spring embedded WebApplicationContext
2023-06-28 22:00:49,793 [INFO] org.springframework.boot.web.servlet.context.ServletWebServerApplicationContext [restartedMain] Root WebApplicationContext: initialization completed in 522 ms
2023-06-28 22:00:49,838 [INFO] org.mongodb.driver.client [restartedMain] MongoClient with metadata {"driver": {"name": "mongo-java-driver|sync|spring-boot", "version": "4.8.2"}, "os": {"type": "Windows", "name": "Windows 11", "architecture": "amd64", "version": "10.0"}, "platform": "Java/Eclipse Adoptium/17.0.4.1+1"} created with settings MongoClientSettings{readPreference=primary, writeConcern=WriteConcern{w=null, wTimeout=null ms, journal=null}, retryWrites=true, retryReads=true, readConcern=ReadConcern{level=null}, credential=null, streamFactoryFactory=null, commandListeners=[], codecRegistry=ProvidersCodecRegistry{codecProviders=[ValueCodecProvider{}, BsonValueCodecProvider{}, DBRefCodecProvider{}, DBObjectCodecProvider{}, DocumentCodecProvider{}, CollectionCodecProvider{}, IterableCodecProvider{}, MapCodecProvider{}, GeoJsonCodecProvider{}, GridFSFileCodecProvider{}, Jsr310CodecProvider{}, JsonObjectCodecProvider{}, BsonCodecProvider{}, EnumCodecProvider{}, com.mongodb.Jep395RecordCodecProvider@4188b2ce]}, clusterSettings={hosts=[localhost:27017], srvServiceName=mongodb, mode=SINGLE, requiredClusterType=UNKNOWN, requiredReplicaSetName='null', serverSelector='null', clusterListeners='[]', serverSelectionTimeout='30000 ms', localThreshold='30000 ms'}, socketSettings=SocketSettings{connectTimeoutMS=10000, readTimeoutMS=0, receiveBufferSize=0, sendBufferSize=0}, heartbeatSocketSettings=SocketSettings{connectTimeoutMS=10000, readTimeoutMS=10000, receiveBufferSize=0, sendBufferSize=0}, connectionPoolSettings=ConnectionPoolSettings{maxSize=100, minSize=0, maxWaitTimeMS=120000, maxConnectionLifeTimeMS=0, maxConnectionIdleTimeMS=0, maintenanceInitialDelayMS=0, maintenanceFrequencyMS=60000, connectionPoolListeners=[], maxConnecting=2}, serverSettings=ServerSettings{heartbeatFrequencyMS=10000, minHeartbeatFrequencyMS=500, serverListeners='[]', serverMonitorListeners='[]'}, sslSettings=SslSettings{enabled=false, invalidHostNameAllowed=false, context=null}, applicationName='null', compressorList=[], uuidRepresentation=JAVA_LEGACY, serverApi=null, autoEncryptionSettings=null, contextProvider=null}
2023-06-28 22:00:49,843 [INFO] org.mongodb.driver.cluster [cluster-ClusterId{value='649c6039e180db6bb57a1dc2', description='null'}-localhost:27017] Monitor thread successfully connected to server with description ServerDescription{address=localhost:27017, type=STANDALONE, state=CONNECTED, ok=true, minWireVersion=0, maxWireVersion=8, maxDocumentSize=16777216, logicalSessionTimeoutMinutes=30, roundTripTimeNanos=2590700}
2023-06-28 22:00:49,861 [WARN] org.springframework.boot.devtools.autoconfigure.OptionalLiveReloadServer [restartedMain] Unable to start LiveReload server
2023-06-28 22:00:50,140 [INFO] org.springframework.cloud.netflix.eureka.config.DiscoveryClientOptionalArgsConfiguration [restartedMain] Eureka HTTP Client uses RestTemplate.
2023-06-28 22:00:50,273 [WARN] org.springframework.cloud.loadbalancer.config.LoadBalancerCacheAutoConfiguration$LoadBalancerCaffeineWarnLogger [restartedMain] Spring Cloud LoadBalancer is currently working with the default cache. While this cache implementation is useful for development and tests, it's recommended to use Caffeine cache in production.You can switch to using Caffeine cache, by adding it and org.springframework.cache.caffeine.CaffeineCacheManager to the classpath.
2023-06-28 22:00:50,285 [INFO] org.springframework.cloud.netflix.eureka.InstanceInfoFactory [restartedMain] Setting initial instance status as: STARTING
2023-06-28 22:00:50,287 [INFO] com.netflix.discovery.DiscoveryClient [restartedMain] Initializing Eureka in region us-east-1
2023-06-28 22:00:50,287 [INFO] com.netflix.discovery.shared.resolver.aws.ConfigClusterResolver [restartedMain] Resolving eureka endpoints via configuration
2023-06-28 22:00:50,288 [INFO] com.netflix.discovery.DiscoveryClient [restartedMain] Disable delta property : false
2023-06-28 22:00:50,288 [INFO] com.netflix.discovery.DiscoveryClient [restartedMain] Single vip registry refresh property : null
2023-06-28 22:00:50,288 [INFO] com.netflix.discovery.DiscoveryClient [restartedMain] Force full registry fetch : false
2023-06-28 22:00:50,288 [INFO] com.netflix.discovery.DiscoveryClient [restartedMain] Application is null : false
2023-06-28 22:00:50,288 [INFO] com.netflix.discovery.DiscoveryClient [restartedMain] Registered Applications size is zero : true
2023-06-28 22:00:50,288 [INFO] com.netflix.discovery.DiscoveryClient [restartedMain] Application version is -1: true
2023-06-28 22:00:50,288 [INFO] com.netflix.discovery.DiscoveryClient [restartedMain] Getting all instance registry info from the eureka server
2023-06-28 22:00:50,317 [INFO] com.netflix.discovery.DiscoveryClient [restartedMain] The response status is 200
2023-06-28 22:00:50,318 [INFO] com.netflix.discovery.DiscoveryClient [restartedMain] Starting heartbeat executor: renew interval is: 30
2023-06-28 22:00:50,318 [INFO] com.netflix.discovery.InstanceInfoReplicator [restartedMain] InstanceInfoReplicator onDemand update allowed rate per min is 4
2023-06-28 22:00:50,320 [INFO] com.netflix.discovery.DiscoveryClient [restartedMain] Discovery Client initialized at timestamp 1687969850320 with initial instances count: 7
2023-06-28 22:00:50,321 [INFO] org.springframework.cloud.netflix.eureka.serviceregistry.EurekaServiceRegistry [restartedMain] Registering application USER-PROFILE-SERVICE with eureka with status UP
2023-06-28 22:00:50,321 [INFO] com.netflix.discovery.DiscoveryClient [restartedMain] Saw local status change event StatusChangeEvent [timestamp=1687969850321, current=UP, previous=STARTING]
2023-06-28 22:00:50,321 [INFO] com.netflix.discovery.DiscoveryClient [DiscoveryClient-InstanceInfoReplicator-0] DiscoveryClient_USER-PROFILE-SERVICE/LIN80022745.corp.capgemini.com:user-profile-service:8686: registering service...
2023-06-28 22:00:50,328 [INFO] org.springframework.boot.web.embedded.tomcat.TomcatWebServer [restartedMain] Tomcat started on port(s): 8686 (http) with context path ''
2023-06-28 22:00:50,328 [INFO] org.springframework.cloud.netflix.eureka.serviceregistry.EurekaAutoServiceRegistration [restartedMain] Updating port to 8686
2023-06-28 22:00:50,332 [INFO] com.netflix.discovery.DiscoveryClient [DiscoveryClient-InstanceInfoReplicator-0] DiscoveryClient_USER-PROFILE-SERVICE/LIN80022745.corp.capgemini.com:user-profile-service:8686 - registration status: 204
2023-06-28 22:00:50,443 [INFO] com.eshoppingzone.userprofile.UserProfileApplication [restartedMain] Started UserProfileApplication in 1.378 seconds (process running for 1856.745)
2023-06-28 22:00:50,444 [INFO] org.springframework.boot.devtools.autoconfigure.ConditionEvaluationDeltaLoggingListener [restartedMain] Condition evaluation unchanged
2023-06-28 22:01:39,316 [INFO] org.apache.catalina.core.ContainerBase.[Tomcat].[localhost].[/] [http-nio-8686-exec-2] Initializing Spring DispatcherServlet 'dispatcherServlet'
2023-06-28 22:01:39,317 [INFO] org.springframework.web.servlet.DispatcherServlet [http-nio-8686-exec-2] Initializing Servlet 'dispatcherServlet'
2023-06-28 22:01:39,319 [INFO] org.springframework.web.servlet.DispatcherServlet [http-nio-8686-exec-2] Completed initialization in 2 ms
2023-06-28 22:02:17,721 [INFO] org.springframework.boot.devtools.autoconfigure.LocalDevToolsAutoConfiguration$RestartingClassPathChangeChangedEventListener [File Watcher] Restarting due to 1 class path change (0 additions, 0 deletions, 1 modification)
2023-06-28 22:02:17,723 [INFO] org.springframework.cloud.netflix.eureka.serviceregistry.EurekaServiceRegistry [Thread-25] Unregistering application USER-PROFILE-SERVICE with eureka with status DOWN
2023-06-28 22:02:17,723 [INFO] com.netflix.discovery.DiscoveryClient [Thread-25] Saw local status change event StatusChangeEvent [timestamp=1687969937723, current=DOWN, previous=UP]
2023-06-28 22:02:17,723 [INFO] com.netflix.discovery.DiscoveryClient [DiscoveryClient-InstanceInfoReplicator-0] DiscoveryClient_USER-PROFILE-SERVICE/LIN80022745.corp.capgemini.com:user-profile-service:8686: registering service...
2023-06-28 22:02:17,731 [INFO] com.netflix.discovery.DiscoveryClient [DiscoveryClient-InstanceInfoReplicator-0] DiscoveryClient_USER-PROFILE-SERVICE/LIN80022745.corp.capgemini.com:user-profile-service:8686 - registration status: 204
2023-06-28 22:02:17,738 [INFO] org.apache.catalina.core.StandardService [Thread-25] Stopping service [Tomcat]
2023-06-28 22:02:17,738 [INFO] org.apache.catalina.core.ContainerBase.[Tomcat].[localhost].[/] [Thread-25] Destroying Spring FrameworkServlet 'dispatcherServlet'
2023-06-28 22:02:17,744 [INFO] com.netflix.discovery.DiscoveryClient [Thread-25] Shutting down DiscoveryClient ...
2023-06-28 22:02:20,746 [WARN] com.netflix.discovery.TimedSupervisorTask [DiscoveryClient-1] task supervisor shutting down, can't accept the task
2023-06-28 22:02:20,748 [INFO] com.netflix.discovery.DiscoveryClient [Thread-25] Unregistering ...
2023-06-28 22:02:20,751 [INFO] com.netflix.discovery.DiscoveryClient [Thread-25] DiscoveryClient_USER-PROFILE-SERVICE/LIN80022745.corp.capgemini.com:user-profile-service:8686 - deregister  status: 200
2023-06-28 22:02:20,755 [INFO] com.netflix.discovery.DiscoveryClient [Thread-25] Completed shut down of DiscoveryClient
2023-06-28 22:02:21,014 [INFO] com.eshoppingzone.userprofile.UserProfileApplication [restartedMain] Starting UserProfileApplication using Java 17.0.4.1 with PID 484 (C:\Users\madhusrs\Documents\CaseStudy\UserProfile\target\classes started by madhusrs in C:\Users\madhusrs\Documents\CaseStudy\UserProfile)
2023-06-28 22:02:21,014 [DEBUG] com.eshoppingzone.userprofile.UserProfileApplication [restartedMain] Running with Spring Boot v3.0.6, Spring v6.0.8
2023-06-28 22:02:21,015 [INFO] com.eshoppingzone.userprofile.UserProfileApplication [restartedMain] No active profile set, falling back to 1 default profile: "default"
2023-06-28 22:02:21,208 [INFO] org.springframework.data.repository.config.RepositoryConfigurationDelegate [restartedMain] Bootstrapping Spring Data MongoDB repositories in DEFAULT mode.
2023-06-28 22:02:21,216 [INFO] org.springframework.data.repository.config.RepositoryConfigurationDelegate [restartedMain] Finished Spring Data repository scanning in 8 ms. Found 1 MongoDB repository interfaces.
2023-06-28 22:02:21,380 [INFO] org.springframework.cloud.context.scope.GenericScope [restartedMain] BeanFactory id=1806e4aa-6c04-384f-a18d-b7dfe715a992
2023-06-28 22:02:21,436 [INFO] org.springframework.boot.web.embedded.tomcat.TomcatWebServer [restartedMain] Tomcat initialized with port(s): 8686 (http)
2023-06-28 22:02:21,437 [INFO] org.apache.catalina.core.StandardService [restartedMain] Starting service [Tomcat]
2023-06-28 22:02:21,437 [INFO] org.apache.catalina.core.StandardEngine [restartedMain] Starting Servlet engine: [Apache Tomcat/10.1.8]
2023-06-28 22:02:21,503 [INFO] org.apache.catalina.core.ContainerBase.[Tomcat].[localhost].[/] [restartedMain] Initializing Spring embedded WebApplicationContext
2023-06-28 22:02:21,504 [INFO] org.springframework.boot.web.servlet.context.ServletWebServerApplicationContext [restartedMain] Root WebApplicationContext: initialization completed in 488 ms
2023-06-28 22:02:21,548 [INFO] org.mongodb.driver.client [restartedMain] MongoClient with metadata {"driver": {"name": "mongo-java-driver|sync|spring-boot", "version": "4.8.2"}, "os": {"type": "Windows", "name": "Windows 11", "architecture": "amd64", "version": "10.0"}, "platform": "Java/Eclipse Adoptium/17.0.4.1+1"} created with settings MongoClientSettings{readPreference=primary, writeConcern=WriteConcern{w=null, wTimeout=null ms, journal=null}, retryWrites=true, retryReads=true, readConcern=ReadConcern{level=null}, credential=null, streamFactoryFactory=null, commandListeners=[], codecRegistry=ProvidersCodecRegistry{codecProviders=[ValueCodecProvider{}, BsonValueCodecProvider{}, DBRefCodecProvider{}, DBObjectCodecProvider{}, DocumentCodecProvider{}, CollectionCodecProvider{}, IterableCodecProvider{}, MapCodecProvider{}, GeoJsonCodecProvider{}, GridFSFileCodecProvider{}, Jsr310CodecProvider{}, JsonObjectCodecProvider{}, BsonCodecProvider{}, EnumCodecProvider{}, com.mongodb.Jep395RecordCodecProvider@4188b2ce]}, clusterSettings={hosts=[localhost:27017], srvServiceName=mongodb, mode=SINGLE, requiredClusterType=UNKNOWN, requiredReplicaSetName='null', serverSelector='null', clusterListeners='[]', serverSelectionTimeout='30000 ms', localThreshold='30000 ms'}, socketSettings=SocketSettings{connectTimeoutMS=10000, readTimeoutMS=0, receiveBufferSize=0, sendBufferSize=0}, heartbeatSocketSettings=SocketSettings{connectTimeoutMS=10000, readTimeoutMS=10000, receiveBufferSize=0, sendBufferSize=0}, connectionPoolSettings=ConnectionPoolSettings{maxSize=100, minSize=0, maxWaitTimeMS=120000, maxConnectionLifeTimeMS=0, maxConnectionIdleTimeMS=0, maintenanceInitialDelayMS=0, maintenanceFrequencyMS=60000, connectionPoolListeners=[], maxConnecting=2}, serverSettings=ServerSettings{heartbeatFrequencyMS=10000, minHeartbeatFrequencyMS=500, serverListeners='[]', serverMonitorListeners='[]'}, sslSettings=SslSettings{enabled=false, invalidHostNameAllowed=false, context=null}, applicationName='null', compressorList=[], uuidRepresentation=JAVA_LEGACY, serverApi=null, autoEncryptionSettings=null, contextProvider=null}
2023-06-28 22:02:21,553 [INFO] org.mongodb.driver.cluster [cluster-ClusterId{value='649c6095e180db6bb57a1dc3', description='null'}-localhost:27017] Monitor thread successfully connected to server with description ServerDescription{address=localhost:27017, type=STANDALONE, state=CONNECTED, ok=true, minWireVersion=0, maxWireVersion=8, maxDocumentSize=16777216, logicalSessionTimeoutMinutes=30, roundTripTimeNanos=3772400}
2023-06-28 22:02:21,569 [WARN] org.springframework.boot.devtools.autoconfigure.OptionalLiveReloadServer [restartedMain] Unable to start LiveReload server
2023-06-28 22:02:21,869 [INFO] org.springframework.cloud.netflix.eureka.config.DiscoveryClientOptionalArgsConfiguration [restartedMain] Eureka HTTP Client uses RestTemplate.
2023-06-28 22:02:21,996 [WARN] org.springframework.cloud.loadbalancer.config.LoadBalancerCacheAutoConfiguration$LoadBalancerCaffeineWarnLogger [restartedMain] Spring Cloud LoadBalancer is currently working with the default cache. While this cache implementation is useful for development and tests, it's recommended to use Caffeine cache in production.You can switch to using Caffeine cache, by adding it and org.springframework.cache.caffeine.CaffeineCacheManager to the classpath.
2023-06-28 22:02:22,011 [INFO] org.springframework.cloud.netflix.eureka.InstanceInfoFactory [restartedMain] Setting initial instance status as: STARTING
2023-06-28 22:02:22,014 [INFO] com.netflix.discovery.DiscoveryClient [restartedMain] Initializing Eureka in region us-east-1
2023-06-28 22:02:22,014 [INFO] com.netflix.discovery.shared.resolver.aws.ConfigClusterResolver [restartedMain] Resolving eureka endpoints via configuration
2023-06-28 22:02:22,015 [INFO] com.netflix.discovery.DiscoveryClient [restartedMain] Disable delta property : false
2023-06-28 22:02:22,015 [INFO] com.netflix.discovery.DiscoveryClient [restartedMain] Single vip registry refresh property : null
2023-06-28 22:02:22,015 [INFO] com.netflix.discovery.DiscoveryClient [restartedMain] Force full registry fetch : false
2023-06-28 22:02:22,015 [INFO] com.netflix.discovery.DiscoveryClient [restartedMain] Application is null : false
2023-06-28 22:02:22,015 [INFO] com.netflix.discovery.DiscoveryClient [restartedMain] Registered Applications size is zero : true
2023-06-28 22:02:22,015 [INFO] com.netflix.discovery.DiscoveryClient [restartedMain] Application version is -1: true
2023-06-28 22:02:22,015 [INFO] com.netflix.discovery.DiscoveryClient [restartedMain] Getting all instance registry info from the eureka server
2023-06-28 22:02:22,039 [INFO] com.netflix.discovery.DiscoveryClient [restartedMain] The response status is 200
2023-06-28 22:02:22,040 [INFO] com.netflix.discovery.DiscoveryClient [restartedMain] Starting heartbeat executor: renew interval is: 30
2023-06-28 22:02:22,041 [INFO] com.netflix.discovery.InstanceInfoReplicator [restartedMain] InstanceInfoReplicator onDemand update allowed rate per min is 4
2023-06-28 22:02:22,042 [INFO] com.netflix.discovery.DiscoveryClient [restartedMain] Discovery Client initialized at timestamp 1687969942042 with initial instances count: 7
2023-06-28 22:02:22,043 [INFO] org.springframework.cloud.netflix.eureka.serviceregistry.EurekaServiceRegistry [restartedMain] Registering application USER-PROFILE-SERVICE with eureka with status UP
2023-06-28 22:02:22,043 [INFO] com.netflix.discovery.DiscoveryClient [restartedMain] Saw local status change event StatusChangeEvent [timestamp=1687969942043, current=UP, previous=STARTING]
2023-06-28 22:02:22,043 [INFO] com.netflix.discovery.DiscoveryClient [DiscoveryClient-InstanceInfoReplicator-0] DiscoveryClient_USER-PROFILE-SERVICE/LIN80022745.corp.capgemini.com:user-profile-service:8686: registering service...
2023-06-28 22:02:22,050 [INFO] org.springframework.boot.web.embedded.tomcat.TomcatWebServer [restartedMain] Tomcat started on port(s): 8686 (http) with context path ''
2023-06-28 22:02:22,050 [INFO] org.springframework.cloud.netflix.eureka.serviceregistry.EurekaAutoServiceRegistration [restartedMain] Updating port to 8686
2023-06-28 22:02:22,054 [INFO] com.netflix.discovery.DiscoveryClient [DiscoveryClient-InstanceInfoReplicator-0] DiscoveryClient_USER-PROFILE-SERVICE/LIN80022745.corp.capgemini.com:user-profile-service:8686 - registration status: 204
2023-06-28 22:02:22,184 [INFO] com.eshoppingzone.userprofile.UserProfileApplication [restartedMain] Started UserProfileApplication in 1.338 seconds (process running for 1948.486)
2023-06-28 22:02:22,185 [INFO] org.springframework.boot.devtools.autoconfigure.ConditionEvaluationDeltaLoggingListener [restartedMain] Condition evaluation unchanged
2023-06-28 22:02:27,804 [INFO] org.apache.catalina.core.ContainerBase.[Tomcat].[localhost].[/] [http-nio-8686-exec-2] Initializing Spring DispatcherServlet 'dispatcherServlet'
2023-06-28 22:02:27,805 [INFO] org.springframework.web.servlet.DispatcherServlet [http-nio-8686-exec-2] Initializing Servlet 'dispatcherServlet'
2023-06-28 22:02:27,809 [INFO] org.springframework.web.servlet.DispatcherServlet [http-nio-8686-exec-2] Completed initialization in 4 ms
2023-06-28 22:07:22,043 [INFO] com.netflix.discovery.shared.resolver.aws.ConfigClusterResolver [AsyncResolver-bootstrap-executor-0] Resolving eureka endpoints via configuration
2023-06-28 22:11:51,941 [INFO] org.springframework.boot.admin.SpringApplicationAdminMXBeanRegistrar$SpringApplicationAdmin [RMI TCP Connection(63)-127.0.0.1] Application shutdown requested.
2023-06-28 22:11:51,986 [INFO] org.springframework.cloud.netflix.eureka.serviceregistry.EurekaServiceRegistry [RMI TCP Connection(63)-127.0.0.1] Unregistering application USER-PROFILE-SERVICE with eureka with status DOWN
2023-06-28 22:11:51,988 [INFO] com.netflix.discovery.DiscoveryClient [RMI TCP Connection(63)-127.0.0.1] Saw local status change event StatusChangeEvent [timestamp=1687970511988, current=DOWN, previous=UP]
2023-06-28 22:11:51,990 [INFO] com.netflix.discovery.DiscoveryClient [DiscoveryClient-InstanceInfoReplicator-0] DiscoveryClient_USER-PROFILE-SERVICE/LIN80022745.corp.capgemini.com:user-profile-service:8686: registering service...
2023-06-28 22:11:52,021 [INFO] com.netflix.discovery.DiscoveryClient [DiscoveryClient-InstanceInfoReplicator-0] DiscoveryClient_USER-PROFILE-SERVICE/LIN80022745.corp.capgemini.com:user-profile-service:8686 - registration status: 204
2023-06-28 22:11:52,054 [INFO] org.apache.catalina.core.StandardService [RMI TCP Connection(63)-127.0.0.1] Stopping service [Tomcat]
2023-06-28 22:11:52,061 [INFO] org.apache.catalina.core.ContainerBase.[Tomcat].[localhost].[/] [RMI TCP Connection(63)-127.0.0.1] Destroying Spring FrameworkServlet 'dispatcherServlet'
2023-06-28 22:11:52,148 [INFO] com.netflix.discovery.DiscoveryClient [RMI TCP Connection(63)-127.0.0.1] Shutting down DiscoveryClient ...
2023-06-28 22:11:55,151 [WARN] com.netflix.discovery.TimedSupervisorTask [DiscoveryClient-1] task supervisor shutting down, can't accept the task
2023-06-28 22:11:55,172 [INFO] com.netflix.discovery.DiscoveryClient [RMI TCP Connection(63)-127.0.0.1] Unregistering ...
2023-06-28 22:11:55,180 [INFO] com.netflix.discovery.DiscoveryClient [RMI TCP Connection(63)-127.0.0.1] DiscoveryClient_USER-PROFILE-SERVICE/LIN80022745.corp.capgemini.com:user-profile-service:8686 - deregister  status: 200
2023-06-28 22:11:55,250 [INFO] com.netflix.discovery.DiscoveryClient [RMI TCP Connection(63)-127.0.0.1] Completed shut down of DiscoveryClient
